  Level Generator.cpp
C:\Users\User\source\repos\Level Generator\Level Generator.cpp(206,71): warning C4244: 'argument': conversion from 'int' to 'float', possible loss of data
C:\Users\User\source\repos\Level Generator\Level Generator.cpp(206,54): warning C4244: 'argument': conversion from 'int' to 'float', possible loss of data
C:\Users\User\source\repos\Level Generator\Level Generator.cpp(223,98): warning C4244: 'argument': conversion from 'int' to 'T', possible loss of data
          with
          [
              T=float
          ]
C:\Users\User\source\repos\Level Generator\Level Generator.cpp(223,81): warning C4244: 'argument': conversion from 'int' to 'T', possible loss of data
          with
          [
              T=float
          ]
C:\Users\User\source\repos\Level Generator\Level Generator.cpp(295,50): warning C4244: '=': conversion from 'float' to 'int', possible loss of data
C:\Users\User\source\repos\Level Generator\Level Generator.cpp(319,41): warning C4244: '=': conversion from 'int' to 'T', possible loss of data
          with
          [
              T=float
          ]
C:\Users\User\source\repos\Level Generator\Level Generator.cpp(320,41): warning C4244: '=': conversion from 'int' to 'T', possible loss of data
          with
          [
              T=float
          ]
sfml-graphics-s.lib(RenderStates.cpp.obj) : fatal error LNK1112: module machine type 'x64' conflicts with target machine type 'x86'
